<?xml version="1.0" encoding="UTF-8"?>
<!-- Generated by org.testng.reporters.JUnitXMLReporter -->
<testsuite ignored="0" hostname="ITPMO-NB-029754" failures="0" tests="2" name="Training Order Creation - P-BTQ. SM CITY BACOLOD" time="261.491" errors="0" timestamp="24 Oct 2022 06:02:29 GMT">
  <testcase classname="com.Shopify.testobjects.TrainingOrderCreationTest" name="openLoginPage" time="10.625"/>
  <testcase classname="com.Shopify.testobjects.TrainingOrderCreationTest" name="createTrainingOrders" time="250.31"/>
</testsuite> <!-- Training Order Creation - P-BTQ. SM CITY BACOLOD -->
