<?xml version="1.0" encoding="UTF-8"?>
<!-- Generated by org.testng.reporters.JUnitXMLReporter -->
<testsuite ignored="32" hostname="PC-BSAphoto" failures="0" tests="20" name="No Document Delivery" time="208.015" errors="0" timestamp="05 May 2023 07:26:35 GMT">
  <testcase classname="com.GSP.testobjects.GSPRegressionSuiteTest" name="invalidPasswordLogin" time="4.642"/>
  <testcase classname="com.GSP.testobjects.GSPRegressionSuiteTest" name="successfulLogin" time="4.333"/>
  <testcase classname="com.GSP.testobjects.GSPRegressionSuiteTest" name="ndSearchNoResult" time="10.027"/>
  <testcase classname="com.GSP.testobjects.GSPRegressionSuiteTest" name="ndSearchWithResult" time="5.681"/>
  <testcase classname="com.GSP.testobjects.GSPRegressionSuiteTest" name="openTransNoDocumentDelivery" time="4.457"/>
  <testcase classname="com.GSP.testobjects.GSPRegressionSuiteTest" name="openCreateNewND" time="6.087"/>
  <testcase classname="com.GSP.testobjects.GSPRegressionSuiteTest" name="submitND_blankAllFields" time="7.777"/>
  <testcase classname="com.GSP.testobjects.GSPRegressionSuiteTest" name="submitND_blankDeliveryNumber" time="12.064"/>
  <testcase classname="com.GSP.testobjects.GSPRegressionSuiteTest" name="submitND_blankSSCCNumber" time="10.778"/>
  <testcase classname="com.GSP.testobjects.GSPRegressionSuiteTest" name="submitND_blankDestinationSite" time="9.54"/>
  <testcase classname="com.GSP.testobjects.GSPRegressionSuiteTest" name="submitND_emptyBarCode" time="10.144"/>
  <testcase classname="com.GSP.testobjects.GSPRegressionSuiteTest" name="submitND_invalidSSCCLessThan18Digit" time="11.297"/>
  <testcase classname="com.GSP.testobjects.GSPRegressionSuiteTest" name="submitND_invalidSSCCMoreThan18Digit" time="15.045"/>
  <testcase classname="com.GSP.testobjects.GSPRegressionSuiteTest" name="submitND_BarcodeEnteredBeforeSSCC" time="8.356"/>
  <testcase classname="com.GSP.testobjects.GSPRegressionSuiteTest" name="submitND_BarcodeEnteredBeforeDestinationSite" time="7.151"/>
  <testcase classname="com.GSP.testobjects.GSPRegressionSuiteTest" name="submitND_saveConfirmRequest" time="20.868"/>
  <testcase classname="com.GSP.testobjects.GSPRegressionSuiteTest" name="submitND_NDAlreadyExist" time="13.914"/>
  <testcase classname="com.GSP.testobjects.GSPRegressionSuiteTest" name="cancelNDRequest" time="19.505"/>
  <testcase classname="com.GSP.testobjects.GSPRegressionSuiteTest" name="submitND_reuseCanceledSSCC" time="21.002"/>
  <testcase classname="com.GSP.testobjects.GSPRegressionSuiteTest" name="logOutGSP" time="4.906"/>
  <testcase classname="com.GSP.testobjects.GSPRegressionSuiteTest" name="submitDeliveryConfirmation_good" time="0.0">
    <ignored/>
  </testcase> <!-- submitDeliveryConfirmation_good -->
  <testcase classname="com.GSP.testobjects.GSPRegressionSuiteTest" name="submitMRD_blankSSCCNumber" time="0.0">
    <ignored/>
  </testcase> <!-- submitMRD_blankSSCCNumber -->
  <testcase classname="com.GSP.testobjects.GSPRegressionSuiteTest" name="openTransMisroutedDelivery" time="0.0">
    <ignored/>
  </testcase> <!-- openTransMisroutedDelivery -->
  <testcase classname="com.GSP.testobjects.GSPRegressionSuiteTest" name="submitMRD_reuseCanceledSSCC" time="0.0">
    <ignored/>
  </testcase> <!-- submitMRD_reuseCanceledSSCC -->
  <testcase classname="com.GSP.testobjects.GSPRegressionSuiteTest" name="mrdSearchNoResult" time="0.0">
    <ignored/>
  </testcase> <!-- mrdSearchNoResult -->
  <testcase classname="com.GSP.testobjects.GSPRegressionSuiteTest" name="submitMRD_invalidSSCCMoreThan18Digit" time="0.0">
    <ignored/>
  </testcase> <!-- submitMRD_invalidSSCCMoreThan18Digit -->
  <testcase classname="com.GSP.testobjects.GSPRegressionSuiteTest" name="submitDeliveryConfirmation_zeroQuantity" time="0.0">
    <ignored/>
  </testcase> <!-- submitDeliveryConfirmation_zeroQuantity -->
  <testcase classname="com.GSP.testobjects.GSPRegressionSuiteTest" name="openTransDeliveries" time="0.0">
    <ignored/>
  </testcase> <!-- openTransDeliveries -->
  <testcase classname="com.GSP.testobjects.GSPRegressionSuiteTest" name="submitDeliveryConfirmation_tampered" time="0.0">
    <ignored/>
  </testcase> <!-- submitDeliveryConfirmation_tampered -->
  <testcase classname="com.GSP.testobjects.GSPRegressionSuiteTest" name="submitDeliveryConfirmation_blankRemarks" time="0.0">
    <ignored/>
  </testcase> <!-- submitDeliveryConfirmation_blankRemarks -->
  <testcase classname="com.GSP.testobjects.GSPRegressionSuiteTest" name="deliveriesSearchWithResult" time="0.0">
    <ignored/>
  </testcase> <!-- deliveriesSearchWithResult -->
  <testcase classname="com.GSP.testobjects.GSPRegressionSuiteTest" name="deliveriesSearchNoResult" time="0.0">
    <ignored/>
  </testcase> <!-- deliveriesSearchNoResult -->
  <testcase classname="com.GSP.testobjects.GSPRegressionSuiteTest" name="submitMRD_blankAllFields" time="0.0">
    <ignored/>
  </testcase> <!-- submitMRD_blankAllFields -->
  <testcase classname="com.GSP.testobjects.GSPRegressionSuiteTest" name="submitMRD_blankDestinationSite" time="0.0">
    <ignored/>
  </testcase> <!-- submitMRD_blankDestinationSite -->
  <testcase classname="com.GSP.testobjects.GSPRegressionSuiteTest" name="submitMRD_invalidSSCCLessThan18Digit" time="0.0">
    <ignored/>
  </testcase> <!-- submitMRD_invalidSSCCLessThan18Digit -->
  <testcase classname="com.GSP.testobjects.GSPRegressionSuiteTest" name="submitDeliveryConfirmation_soiled" time="0.0">
    <ignored/>
  </testcase> <!-- submitDeliveryConfirmation_soiled -->
  <testcase classname="com.GSP.testobjects.GSPRegressionSuiteTest" name="openDeliveryConfirmationScreen" time="0.0">
    <ignored/>
  </testcase> <!-- openDeliveryConfirmationScreen -->
  <testcase classname="com.GSP.testobjects.GSPRegressionSuiteTest" name="mrdSearchWithResult" time="0.0">
    <ignored/>
  </testcase> <!-- mrdSearchWithResult -->
  <testcase classname="com.GSP.testobjects.GSPRegressionSuiteTest" name="submitDeliveryConfirmation_blankAllFields" time="0.0">
    <ignored/>
  </testcase> <!-- submitDeliveryConfirmation_blankAllFields -->
  <testcase classname="com.GSP.testobjects.GSPRegressionSuiteTest" name="submitDeliveryConfirmation_blankAWB" time="0.0">
    <ignored/>
  </testcase> <!-- submitDeliveryConfirmation_blankAWB -->
  <testcase classname="com.GSP.testobjects.GSPRegressionSuiteTest" name="submitMRD_blankDeliveryNumber" time="0.0">
    <ignored/>
  </testcase> <!-- submitMRD_blankDeliveryNumber -->
  <testcase classname="com.GSP.testobjects.GSPRegressionSuiteTest" name="submitDeliveryConfirmation_undelivered" time="0.0">
    <ignored/>
  </testcase> <!-- submitDeliveryConfirmation_undelivered -->
  <testcase classname="com.GSP.testobjects.GSPRegressionSuiteTest" name="submitDeliveryConfirmation_damaged" time="0.0">
    <ignored/>
  </testcase> <!-- submitDeliveryConfirmation_damaged -->
  <testcase classname="com.GSP.testobjects.GSPRegressionSuiteTest" name="submitDeliveryConfirmation_blankForwarder" time="0.0">
    <ignored/>
  </testcase> <!-- submitDeliveryConfirmation_blankForwarder -->
  <testcase classname="com.GSP.testobjects.GSPRegressionSuiteTest" name="submitMRD_emptyBarCode" time="0.0">
    <ignored/>
  </testcase> <!-- submitMRD_emptyBarCode -->
  <testcase classname="com.GSP.testobjects.GSPRegressionSuiteTest" name="cancelMRDRequest" time="0.0">
    <ignored/>
  </testcase> <!-- cancelMRDRequest -->
  <testcase classname="com.GSP.testobjects.GSPRegressionSuiteTest" name="openCreateNewMRD" time="0.0">
    <ignored/>
  </testcase> <!-- openCreateNewMRD -->
  <testcase classname="com.GSP.testobjects.GSPRegressionSuiteTest" name="submitMRD_saveConfirmRequest" time="0.0">
    <ignored/>
  </testcase> <!-- submitMRD_saveConfirmRequest -->
  <testcase classname="com.GSP.testobjects.GSPRegressionSuiteTest" name="submitMRD_BarcodeEnteredBeforeDestinationSite" time="0.0">
    <ignored/>
  </testcase> <!-- submitMRD_BarcodeEnteredBeforeDestinationSite -->
  <testcase classname="com.GSP.testobjects.GSPRegressionSuiteTest" name="submitMRD_mrdAlreadyExist" time="0.0">
    <ignored/>
  </testcase> <!-- submitMRD_mrdAlreadyExist -->
  <testcase classname="com.GSP.testobjects.GSPRegressionSuiteTest" name="submitDeliveryConfirmation_invalidbarCode" time="0.0">
    <ignored/>
  </testcase> <!-- submitDeliveryConfirmation_invalidbarCode -->
  <testcase classname="com.GSP.testobjects.GSPRegressionSuiteTest" name="submitMRD_BarcodeEnteredBeforeSSCC" time="0.0">
    <ignored/>
  </testcase> <!-- submitMRD_BarcodeEnteredBeforeSSCC -->
</testsuite> <!-- No Document Delivery -->
