<?xml version="1.0" encoding="UTF-8"?>
<!-- Generated by org.testng.reporters.JUnitXMLReporter -->
<testsuite ignored="2" hostname="ITPMO-NB-029754" failures="0" tests="1" name="Training Order Creation - - Zero Out Input Sheet" time="0.018" errors="0" timestamp="28 Oct 2022 02:12:33 GMT">
  <testcase classname="com.Shopify.core.BaseTest" name="@BeforeTest setInputSheetName" time="0.0">
    <failure type="org.testng.TestNGException" message="
Parameter &amp;apos;inputsheetname&amp;apos; is required by BeforeTest on method setInputSheetName but has not been marked @Optional or defined
in C:\Workspace\Shopify\xmlCreateTrainingOrders\testng_Training_1_ZeroOutInputSheet.xml">
      <![CDATA[org.testng.TestNGException: 
Parameter 'inputsheetname' is required by BeforeTest on method setInputSheetName but has not been marked @Optional or defined
in C:\Workspace\Shopify\xmlCreateTrainingOrders\testng_Training_1_ZeroOutInputSheet.xml
	at java.base/java.util.concurrent.FutureTask.run(FutureTask.java:264)
	at java.base/java.util.concurrent.ThreadPoolExecutor.runWorker(ThreadPoolExecutor.java:1136)
	at java.base/java.util.concurrent.ThreadPoolExecutor$Worker.run(ThreadPoolExecutor.java:635)
	at java.base/java.lang.Thread.run(Thread.java:833)
... Removed 11 stack frames]]>
    </failure>
  </testcase> <!-- @BeforeTest setInputSheetName -->
  <testcase classname="com.Shopify.core.BaseTest" name="@BeforeTest setUp" time="0.0">
    <skipped/>
  </testcase> <!-- @BeforeTest setUp -->
  <testcase classname="com.Shopify.testobjects.TrainingOrderCreationTest" name="resetTrainingInputSheet" time="0.0">
    <skipped/>
  </testcase> <!-- resetTrainingInputSheet -->
  <testcase classname="com.Shopify.testobjects.TrainingOrderCreationTest" name="openLoginPage" time="0.0">
    <ignored/>
  </testcase> <!-- openLoginPage -->
  <testcase classname="com.Shopify.testobjects.TrainingOrderCreationTest" name="createTrainingOrders" time="0.0">
    <ignored/>
  </testcase> <!-- createTrainingOrders -->
</testsuite> <!-- Training Order Creation - - Zero Out Input Sheet -->
