<?xml version="1.0" encoding="UTF-8"?>
<!-- Generated by org.testng.reporters.JUnitXMLReporter -->
<testsuite ignored="0" hostname="PC-BSAphoto" failures="0" tests="34" name="Default test" time="0.031" errors="0" timestamp="04 May 2023 13:07:19 GMT">
  <testcase classname="com.Shopify.core.BaseTest" name="@BeforeTest setInputSheetName" time="0.0">
    <failure type="org.testng.TestNGException" message="
Parameter &amp;apos;inputsheetname&amp;apos; is required by BeforeTest on method setInputSheetName but has not been marked @Optional or defined
in C:\Users\bryan\AppData\Local\Temp\testng-eclipse-1913756714\testng-customsuite.xml">
      <![CDATA[org.testng.TestNGException: 
Parameter 'inputsheetname' is required by BeforeTest on method setInputSheetName but has not been marked @Optional or defined
in C:\Users\bryan\AppData\Local\Temp\testng-eclipse-1913756714\testng-customsuite.xml
	at org.testng.internal.Parameters.createParameters(Parameters.java:199)
	at org.testng.internal.Parameters.createParameters(Parameters.java:443)
	at org.testng.internal.Parameters.createConfigurationParameters(Parameters.java:118)
	at org.testng.internal.Invoker.invokeConfigurations(Invoker.java:206)
	at org.testng.internal.Invoker.invokeConfigurations(Invoker.java:146)
	at org.testng.TestRunner.beforeRun(TestRunner.java:626)
	at org.testng.TestRunner.run(TestRunner.java:594)
	at org.testng.SuiteRunner.runTest(SuiteRunner.java:380)
	at org.testng.SuiteRunner.runSequentially(SuiteRunner.java:375)
	at org.testng.SuiteRunner.privateRun(SuiteRunner.java:340)
	at org.testng.SuiteRunner.run(SuiteRunner.java:289)
	at org.testng.SuiteRunnerWorker.runSuite(SuiteRunnerWorker.java:52)
	at org.testng.SuiteRunnerWorker.run(SuiteRunnerWorker.java:86)
	at org.testng.TestNG.runSuitesSequentially(TestNG.java:1301)
	at org.testng.TestNG.runSuitesLocally(TestNG.java:1226)
	at org.testng.TestNG.runSuites(TestNG.java:1144)
	at org.testng.TestNG.run(TestNG.java:1115)
	at org.testng.remote.AbstractRemoteTestNG.run(AbstractRemoteTestNG.java:115)
	at org.testng.remote.RemoteTestNG.initAndRun(RemoteTestNG.java:251)
	at org.testng.remote.RemoteTestNG.main(RemoteTestNG.java:77)
]]>
    </failure>
  </testcase> <!-- @BeforeTest setInputSheetName -->
  <testcase classname="com.Shopify.core.BaseTest" name="@BeforeTest setUp" time="0.0">
    <skipped/>
  </testcase> <!-- @BeforeTest setUp -->
  <testcase classname="com.GSP.testobjects.GSPRegressionSuiteTest" name="deliveriesSearchNoResult" time="0.0">
    <skipped/>
  </testcase> <!-- deliveriesSearchNoResult -->
  <testcase classname="com.GSP.testobjects.GSPRegressionSuiteTest" name="deliveriesSearchWithResult" time="0.0">
    <skipped/>
  </testcase> <!-- deliveriesSearchWithResult -->
  <testcase classname="com.GSP.testobjects.GSPRegressionSuiteTest" name="invalidPasswordLogin" time="0.0">
    <skipped/>
  </testcase> <!-- invalidPasswordLogin -->
  <testcase classname="com.GSP.testobjects.GSPRegressionSuiteTest" name="logOutGSP" time="0.0">
    <skipped/>
  </testcase> <!-- logOutGSP -->
  <testcase classname="com.GSP.testobjects.GSPRegressionSuiteTest" name="mrdSearchNoResult" time="0.0">
    <skipped/>
  </testcase> <!-- mrdSearchNoResult -->
  <testcase classname="com.GSP.testobjects.GSPRegressionSuiteTest" name="mrdSearchWithResult" time="0.0">
    <skipped/>
  </testcase> <!-- mrdSearchWithResult -->
  <testcase classname="com.GSP.testobjects.GSPRegressionSuiteTest" name="openCreateNewMRD" time="0.0">
    <skipped/>
  </testcase> <!-- openCreateNewMRD -->
  <testcase classname="com.GSP.testobjects.GSPRegressionSuiteTest" name="openDeliveryConfirmationScreen" time="0.0">
    <skipped/>
  </testcase> <!-- openDeliveryConfirmationScreen -->
  <testcase classname="com.GSP.testobjects.GSPRegressionSuiteTest" name="openTransDeliveries" time="0.0">
    <skipped/>
  </testcase> <!-- openTransDeliveries -->
  <testcase classname="com.GSP.testobjects.GSPRegressionSuiteTest" name="openTransMisroutedDelivery" time="0.0">
    <skipped/>
  </testcase> <!-- openTransMisroutedDelivery -->
  <testcase classname="com.GSP.testobjects.GSPRegressionSuiteTest" name="openTransNoDocumentDelivery" time="0.0">
    <skipped/>
  </testcase> <!-- openTransNoDocumentDelivery -->
  <testcase classname="com.GSP.testobjects.GSPRegressionSuiteTest" name="submitDeliveryConfirmation_blankAWB" time="0.0">
    <skipped/>
  </testcase> <!-- submitDeliveryConfirmation_blankAWB -->
  <testcase classname="com.GSP.testobjects.GSPRegressionSuiteTest" name="submitDeliveryConfirmation_blankAllFields" time="0.0">
    <skipped/>
  </testcase> <!-- submitDeliveryConfirmation_blankAllFields -->
  <testcase classname="com.GSP.testobjects.GSPRegressionSuiteTest" name="submitDeliveryConfirmation_blankForwarder" time="0.0">
    <skipped/>
  </testcase> <!-- submitDeliveryConfirmation_blankForwarder -->
  <testcase classname="com.GSP.testobjects.GSPRegressionSuiteTest" name="submitDeliveryConfirmation_blankRemarks" time="0.0">
    <skipped/>
  </testcase> <!-- submitDeliveryConfirmation_blankRemarks -->
  <testcase classname="com.GSP.testobjects.GSPRegressionSuiteTest" name="submitDeliveryConfirmation_damaged" time="0.0">
    <skipped/>
  </testcase> <!-- submitDeliveryConfirmation_damaged -->
  <testcase classname="com.GSP.testobjects.GSPRegressionSuiteTest" name="submitDeliveryConfirmation_good" time="0.0">
    <skipped/>
  </testcase> <!-- submitDeliveryConfirmation_good -->
  <testcase classname="com.GSP.testobjects.GSPRegressionSuiteTest" name="submitDeliveryConfirmation_invalidbarCode" time="0.0">
    <skipped/>
  </testcase> <!-- submitDeliveryConfirmation_invalidbarCode -->
  <testcase classname="com.GSP.testobjects.GSPRegressionSuiteTest" name="submitDeliveryConfirmation_soiled" time="0.0">
    <skipped/>
  </testcase> <!-- submitDeliveryConfirmation_soiled -->
  <testcase classname="com.GSP.testobjects.GSPRegressionSuiteTest" name="submitDeliveryConfirmation_tampered" time="0.0">
    <skipped/>
  </testcase> <!-- submitDeliveryConfirmation_tampered -->
  <testcase classname="com.GSP.testobjects.GSPRegressionSuiteTest" name="submitDeliveryConfirmation_undelivered" time="0.0">
    <skipped/>
  </testcase> <!-- submitDeliveryConfirmation_undelivered -->
  <testcase classname="com.GSP.testobjects.GSPRegressionSuiteTest" name="submitDeliveryConfirmation_zeroQuantity" time="0.0">
    <skipped/>
  </testcase> <!-- submitDeliveryConfirmation_zeroQuantity -->
  <testcase classname="com.GSP.testobjects.GSPRegressionSuiteTest" name="submitMRD_BarcodeEnteredBeforeDestinationSite" time="0.0">
    <skipped/>
  </testcase> <!-- submitMRD_BarcodeEnteredBeforeDestinationSite -->
  <testcase classname="com.GSP.testobjects.GSPRegressionSuiteTest" name="submitMRD_BarcodeEnteredBeforeSSCC" time="0.0">
    <skipped/>
  </testcase> <!-- submitMRD_BarcodeEnteredBeforeSSCC -->
  <testcase classname="com.GSP.testobjects.GSPRegressionSuiteTest" name="submitMRD_aaveConfirmRequest" time="0.0">
    <skipped/>
  </testcase> <!-- submitMRD_aaveConfirmRequest -->
  <testcase classname="com.GSP.testobjects.GSPRegressionSuiteTest" name="submitMRD_blankAllFields" time="0.0">
    <skipped/>
  </testcase> <!-- submitMRD_blankAllFields -->
  <testcase classname="com.GSP.testobjects.GSPRegressionSuiteTest" name="submitMRD_blankDeliveryNumber" time="0.0">
    <skipped/>
  </testcase> <!-- submitMRD_blankDeliveryNumber -->
  <testcase classname="com.GSP.testobjects.GSPRegressionSuiteTest" name="submitMRD_blankDestinationSite" time="0.0">
    <skipped/>
  </testcase> <!-- submitMRD_blankDestinationSite -->
  <testcase classname="com.GSP.testobjects.GSPRegressionSuiteTest" name="submitMRD_blankSSCCNumber" time="0.0">
    <skipped/>
  </testcase> <!-- submitMRD_blankSSCCNumber -->
  <testcase classname="com.GSP.testobjects.GSPRegressionSuiteTest" name="submitMRD_emptyBarCode" time="0.0">
    <skipped/>
  </testcase> <!-- submitMRD_emptyBarCode -->
  <testcase classname="com.GSP.testobjects.GSPRegressionSuiteTest" name="submitMRD_invalidSSCCLessThan18Digit" time="0.0">
    <skipped/>
  </testcase> <!-- submitMRD_invalidSSCCLessThan18Digit -->
  <testcase classname="com.GSP.testobjects.GSPRegressionSuiteTest" name="submitMRD_invalidSSCCMoreThan18Digit" time="0.0">
    <skipped/>
  </testcase> <!-- submitMRD_invalidSSCCMoreThan18Digit -->
  <testcase classname="com.GSP.testobjects.GSPRegressionSuiteTest" name="submitMRD_mrdAlreadyExist" time="0.0">
    <skipped/>
  </testcase> <!-- submitMRD_mrdAlreadyExist -->
  <testcase classname="com.GSP.testobjects.GSPRegressionSuiteTest" name="successfulLogin" time="0.0">
    <skipped/>
  </testcase> <!-- successfulLogin -->
</testsuite> <!-- Default test -->
