<?xml version="1.0" encoding="UTF-8"?>
<!-- Generated by org.testng.reporters.JUnitXMLReporter -->
<testsuite ignored="0" hostname="ITPMO-NB-029754" failures="0" tests="2" name="Training Order Creation - P-BTQ ROBINSONS GALLERIA CEBU" time="247.073" errors="0" timestamp="24 Oct 2022 05:48:24 GMT">
  <testcase classname="com.Shopify.testobjects.TrainingOrderCreationTest" name="openLoginPage" time="10.752"/>
  <testcase classname="com.Shopify.testobjects.TrainingOrderCreationTest" name="createTrainingOrders" time="235.719"/>
</testsuite> <!-- Training Order Creation - P-BTQ ROBINSONS GALLERIA CEBU -->
