<?xml version="1.0" encoding="UTF-8"?>
<!-- Generated by org.testng.reporters.JUnitXMLReporter -->
<testsuite ignored="2" hostname="PC-BSAphoto" failures="0" tests="1" name="Reset Training Input Sheet" time="3.855" errors="0" timestamp="08 May 2023 03:45:09 GMT">
  <testcase classname="com.Shopify.testobjects.TrainingOrderCreationTest" name="resetTrainingInputSheet" time="3.362"/>
  <testcase classname="com.Shopify.testobjects.TrainingOrderCreationTest" name="openLoginPage" time="0.0">
    <ignored/>
  </testcase> <!-- openLoginPage -->
  <testcase classname="com.Shopify.testobjects.TrainingOrderCreationTest" name="createTrainingOrders" time="0.0">
    <ignored/>
  </testcase> <!-- createTrainingOrders -->
</testsuite> <!-- Reset Training Input Sheet -->
