<?xml version="1.0" encoding="UTF-8"?>
<!-- Generated by org.testng.reporters.JUnitXMLReporter -->
<testsuite ignored="3" hostname="ASUS-Strix-G513QC-HN160T-BSA" failures="0" tests="1" name="Test Site Manager" time="44.622" errors="0" timestamp="14 Sep 2022 07:30:10 GMT">
  <testcase classname="com.Shopify.testobjects.SiteManagerTest" name="inventoryWhileRemorsePeriod" time="44.16"/>
  <testcase classname="com.Shopify.testobjects.SiteManagerTest" name="inventoryAfterCompletedOrCanceled" time="0.0">
    <ignored/>
  </testcase> <!-- inventoryAfterCompletedOrCanceled -->
  <testcase classname="com.Shopify.testobjects.SiteManagerTest" name="inventoryBeforeOrderPlacement" time="0.0">
    <ignored/>
  </testcase> <!-- inventoryBeforeOrderPlacement -->
  <testcase classname="com.Shopify.testobjects.SiteManagerTest" name="inventoryAfterRemorsePeriod" time="0.0">
    <ignored/>
  </testcase> <!-- inventoryAfterRemorsePeriod -->
</testsuite> <!-- Test Site Manager -->
