<?xml version="1.0" encoding="UTF-8"?>
<!-- Generated by org.testng.reporters.JUnitXMLReporter -->
<testsuite ignored="48" hostname="ITSD-NB-029754" failures="1" tests="4" name="Misrouted Delivery" time="29.459" errors="0" timestamp="16 May 2023 07:13:36 GMT">
  <testcase classname="com.GSP.testobjects.GSPRegressionSuiteTest" name="invalidPasswordLogin" time="6.021"/>
  <testcase classname="com.GSP.testobjects.GSPRegressionSuiteTest" name="successfulLogin" time="4.489"/>
  <testcase classname="com.GSP.testobjects.GSPRegressionSuiteTest" name="cancelMRDRequest" time="12.916">
    <failure type="java.lang.AssertionError" message="expected [pass] but found [fail]">
      <![CDATA[java.lang.AssertionError: expected [pass] but found [fail]
	at com.GSP.testobjects.GSPRegressionSuiteTest.cancelMRDRequest(GSPRegressionSuiteTest.java:1155)
	at java.base/java.util.concurrent.FutureTask.run(FutureTask.java:264)
	at java.base/java.util.concurrent.ThreadPoolExecutor.runWorker(ThreadPoolExecutor.java:1136)
	at java.base/java.util.concurrent.ThreadPoolExecutor$Worker.run(ThreadPoolExecutor.java:635)
	at java.base/java.lang.Thread.run(Thread.java:833)
... Removed 19 stack frames]]>
    </failure>
  </testcase> <!-- cancelMRDRequest -->
  <testcase classname="com.GSP.testobjects.GSPRegressionSuiteTest" name="logOutGSP" time="5.478"/>
  <testcase classname="com.GSP.testobjects.GSPRegressionSuiteTest" name="submitDeliveryConfirmation_good" time="0.0">
    <ignored/>
  </testcase> <!-- submitDeliveryConfirmation_good -->
  <testcase classname="com.GSP.testobjects.GSPRegressionSuiteTest" name="submitMRD_blankSSCCNumber" time="0.0">
    <ignored/>
  </testcase> <!-- submitMRD_blankSSCCNumber -->
  <testcase classname="com.GSP.testobjects.GSPRegressionSuiteTest" name="submitND_NDAlreadyExist" time="0.0">
    <ignored/>
  </testcase> <!-- submitND_NDAlreadyExist -->
  <testcase classname="com.GSP.testobjects.GSPRegressionSuiteTest" name="openTransMisroutedDelivery" time="0.0">
    <ignored/>
  </testcase> <!-- openTransMisroutedDelivery -->
  <testcase classname="com.GSP.testobjects.GSPRegressionSuiteTest" name="submitND_BarcodeEnteredBeforeDestinationSite" time="0.0">
    <ignored/>
  </testcase> <!-- submitND_BarcodeEnteredBeforeDestinationSite -->
  <testcase classname="com.GSP.testobjects.GSPRegressionSuiteTest" name="submitMRD_reuseCanceledSSCC" time="0.0">
    <ignored/>
  </testcase> <!-- submitMRD_reuseCanceledSSCC -->
  <testcase classname="com.GSP.testobjects.GSPRegressionSuiteTest" name="submitND_invalidSSCCMoreThan18Digit" time="0.0">
    <ignored/>
  </testcase> <!-- submitND_invalidSSCCMoreThan18Digit -->
  <testcase classname="com.GSP.testobjects.GSPRegressionSuiteTest" name="mrdSearchNoResult" time="0.0">
    <ignored/>
  </testcase> <!-- mrdSearchNoResult -->
  <testcase classname="com.GSP.testobjects.GSPRegressionSuiteTest" name="submitMRD_invalidSSCCMoreThan18Digit" time="0.0">
    <ignored/>
  </testcase> <!-- submitMRD_invalidSSCCMoreThan18Digit -->
  <testcase classname="com.GSP.testobjects.GSPRegressionSuiteTest" name="submitDeliveryConfirmation_zeroQuantity" time="0.0">
    <ignored/>
  </testcase> <!-- submitDeliveryConfirmation_zeroQuantity -->
  <testcase classname="com.GSP.testobjects.GSPRegressionSuiteTest" name="openTransDeliveries" time="0.0">
    <ignored/>
  </testcase> <!-- openTransDeliveries -->
  <testcase classname="com.GSP.testobjects.GSPRegressionSuiteTest" name="submitDeliveryConfirmation_tampered" time="0.0">
    <ignored/>
  </testcase> <!-- submitDeliveryConfirmation_tampered -->
  <testcase classname="com.GSP.testobjects.GSPRegressionSuiteTest" name="submitDeliveryConfirmation_blankRemarks" time="0.0">
    <ignored/>
  </testcase> <!-- submitDeliveryConfirmation_blankRemarks -->
  <testcase classname="com.GSP.testobjects.GSPRegressionSuiteTest" name="deliveriesSearchWithResult" time="0.0">
    <ignored/>
  </testcase> <!-- deliveriesSearchWithResult -->
  <testcase classname="com.GSP.testobjects.GSPRegressionSuiteTest" name="submitND_emptyBarCode" time="0.0">
    <ignored/>
  </testcase> <!-- submitND_emptyBarCode -->
  <testcase classname="com.GSP.testobjects.GSPRegressionSuiteTest" name="deliveriesSearchNoResult" time="0.0">
    <ignored/>
  </testcase> <!-- deliveriesSearchNoResult -->
  <testcase classname="com.GSP.testobjects.GSPRegressionSuiteTest" name="submitND_reuseCanceledSSCC" time="0.0">
    <ignored/>
  </testcase> <!-- submitND_reuseCanceledSSCC -->
  <testcase classname="com.GSP.testobjects.GSPRegressionSuiteTest" name="submitND_BarcodeEnteredBeforeSSCC" time="0.0">
    <ignored/>
  </testcase> <!-- submitND_BarcodeEnteredBeforeSSCC -->
  <testcase classname="com.GSP.testobjects.GSPRegressionSuiteTest" name="submitMRD_blankAllFields" time="0.0">
    <ignored/>
  </testcase> <!-- submitMRD_blankAllFields -->
  <testcase classname="com.GSP.testobjects.GSPRegressionSuiteTest" name="submitMRD_blankDestinationSite" time="0.0">
    <ignored/>
  </testcase> <!-- submitMRD_blankDestinationSite -->
  <testcase classname="com.GSP.testobjects.GSPRegressionSuiteTest" name="submitMRD_invalidSSCCLessThan18Digit" time="0.0">
    <ignored/>
  </testcase> <!-- submitMRD_invalidSSCCLessThan18Digit -->
  <testcase classname="com.GSP.testobjects.GSPRegressionSuiteTest" name="ndSearchWithResult" time="0.0">
    <ignored/>
  </testcase> <!-- ndSearchWithResult -->
  <testcase classname="com.GSP.testobjects.GSPRegressionSuiteTest" name="submitDeliveryConfirmation_soiled" time="0.0">
    <ignored/>
  </testcase> <!-- submitDeliveryConfirmation_soiled -->
  <testcase classname="com.GSP.testobjects.GSPRegressionSuiteTest" name="openDeliveryConfirmationScreen" time="0.0">
    <ignored/>
  </testcase> <!-- openDeliveryConfirmationScreen -->
  <testcase classname="com.GSP.testobjects.GSPRegressionSuiteTest" name="submitND_blankAllFields" time="0.0">
    <ignored/>
  </testcase> <!-- submitND_blankAllFields -->
  <testcase classname="com.GSP.testobjects.GSPRegressionSuiteTest" name="submitND_blankSSCCNumber" time="0.0">
    <ignored/>
  </testcase> <!-- submitND_blankSSCCNumber -->
  <testcase classname="com.GSP.testobjects.GSPRegressionSuiteTest" name="mrdSearchWithResult" time="0.0">
    <ignored/>
  </testcase> <!-- mrdSearchWithResult -->
  <testcase classname="com.GSP.testobjects.GSPRegressionSuiteTest" name="submitND_invalidSSCCLessThan18Digit" time="0.0">
    <ignored/>
  </testcase> <!-- submitND_invalidSSCCLessThan18Digit -->
  <testcase classname="com.GSP.testobjects.GSPRegressionSuiteTest" name="submitDeliveryConfirmation_blankAllFields" time="0.0">
    <ignored/>
  </testcase> <!-- submitDeliveryConfirmation_blankAllFields -->
  <testcase classname="com.GSP.testobjects.GSPRegressionSuiteTest" name="submitND_saveConfirmRequest" time="0.0">
    <ignored/>
  </testcase> <!-- submitND_saveConfirmRequest -->
  <testcase classname="com.GSP.testobjects.GSPRegressionSuiteTest" name="submitDeliveryConfirmation_blankAWB" time="0.0">
    <ignored/>
  </testcase> <!-- submitDeliveryConfirmation_blankAWB -->
  <testcase classname="com.GSP.testobjects.GSPRegressionSuiteTest" name="openTransNoDocumentDelivery" time="0.0">
    <ignored/>
  </testcase> <!-- openTransNoDocumentDelivery -->
  <testcase classname="com.GSP.testobjects.GSPRegressionSuiteTest" name="submitMRD_blankDeliveryNumber" time="0.0">
    <ignored/>
  </testcase> <!-- submitMRD_blankDeliveryNumber -->
  <testcase classname="com.GSP.testobjects.GSPRegressionSuiteTest" name="cancelNDRequest" time="0.0">
    <ignored/>
  </testcase> <!-- cancelNDRequest -->
  <testcase classname="com.GSP.testobjects.GSPRegressionSuiteTest" name="submitDeliveryConfirmation_undelivered" time="0.0">
    <ignored/>
  </testcase> <!-- submitDeliveryConfirmation_undelivered -->
  <testcase classname="com.GSP.testobjects.GSPRegressionSuiteTest" name="submitDeliveryConfirmation_damaged" time="0.0">
    <ignored/>
  </testcase> <!-- submitDeliveryConfirmation_damaged -->
  <testcase classname="com.GSP.testobjects.GSPRegressionSuiteTest" name="submitDeliveryConfirmation_blankForwarder" time="0.0">
    <ignored/>
  </testcase> <!-- submitDeliveryConfirmation_blankForwarder -->
  <testcase classname="com.GSP.testobjects.GSPRegressionSuiteTest" name="submitMRD_emptyBarCode" time="0.0">
    <ignored/>
  </testcase> <!-- submitMRD_emptyBarCode -->
  <testcase classname="com.GSP.testobjects.GSPRegressionSuiteTest" name="ndSearchNoResult" time="0.0">
    <ignored/>
  </testcase> <!-- ndSearchNoResult -->
  <testcase classname="com.GSP.testobjects.GSPRegressionSuiteTest" name="openCreateNewMRD" time="0.0">
    <ignored/>
  </testcase> <!-- openCreateNewMRD -->
  <testcase classname="com.GSP.testobjects.GSPRegressionSuiteTest" name="submitMRD_saveConfirmRequest" time="0.0">
    <ignored/>
  </testcase> <!-- submitMRD_saveConfirmRequest -->
  <testcase classname="com.GSP.testobjects.GSPRegressionSuiteTest" name="submitND_blankDeliveryNumber" time="0.0">
    <ignored/>
  </testcase> <!-- submitND_blankDeliveryNumber -->
  <testcase classname="com.GSP.testobjects.GSPRegressionSuiteTest" name="submitMRD_BarcodeEnteredBeforeDestinationSite" time="0.0">
    <ignored/>
  </testcase> <!-- submitMRD_BarcodeEnteredBeforeDestinationSite -->
  <testcase classname="com.GSP.testobjects.GSPRegressionSuiteTest" name="submitMRD_mrdAlreadyExist" time="0.0">
    <ignored/>
  </testcase> <!-- submitMRD_mrdAlreadyExist -->
  <testcase classname="com.GSP.testobjects.GSPRegressionSuiteTest" name="openCreateNewND" time="0.0">
    <ignored/>
  </testcase> <!-- openCreateNewND -->
  <testcase classname="com.GSP.testobjects.GSPRegressionSuiteTest" name="submitDeliveryConfirmation_invalidbarCode" time="0.0">
    <ignored/>
  </testcase> <!-- submitDeliveryConfirmation_invalidbarCode -->
  <testcase classname="com.GSP.testobjects.GSPRegressionSuiteTest" name="submitND_blankDestinationSite" time="0.0">
    <ignored/>
  </testcase> <!-- submitND_blankDestinationSite -->
  <testcase classname="com.GSP.testobjects.GSPRegressionSuiteTest" name="submitMRD_BarcodeEnteredBeforeSSCC" time="0.0">
    <ignored/>
  </testcase> <!-- submitMRD_BarcodeEnteredBeforeSSCC -->
</testsuite> <!-- Misrouted Delivery -->
