<?xml version="1.0" encoding="UTF-8"?>
<!-- Generated by org.testng.reporters.JUnitXMLReporter -->
<testsuite ignored="0" hostname="ITPMO-NB-029754" failures="0" tests="2" name="Training Order Creation - P-BTQ GAISANO PAGADIAN" time="263.003" errors="0" timestamp="26 Oct 2022 00:10:49 GMT">
  <testcase classname="com.Shopify.testobjects.TrainingOrderCreationTest" name="openLoginPage" time="13.21"/>
  <testcase classname="com.Shopify.testobjects.TrainingOrderCreationTest" name="createTrainingOrders" time="249.174"/>
</testsuite> <!-- Training Order Creation - P-BTQ GAISANO PAGADIAN -->
