<?xml version="1.0" encoding="UTF-8"?>
<!-- Generated by org.testng.reporters.JUnitXMLReporter -->
<testsuite ignored="0" hostname="ASUS-Strix-G513QC-HN160T-BSA" failures="0" tests="2" name="P-BTQ SM BALIWAG" time="47.216" errors="0" timestamp="08 Aug 2022 06:58:11 GMT">
  <testcase classname="com.Shopify.testobjects.TrainingOrderCreationTest" name="openLoginPage" time="11.746"/>
  <testcase classname="com.Shopify.testobjects.TrainingOrderCreationTest" name="createTrainingOrders" time="34.872"/>
</testsuite> <!-- P-BTQ SM BALIWAG -->
