<?xml version="1.0" encoding="UTF-8"?>
<!-- Generated by org.testng.reporters.JUnitXMLReporter -->
<testsuite ignored="0" hostname="ASUS-Strix-G513QC-HN160T-BSA" failures="0" tests="2" name="P-BTQ. SM CITY BACOLOD" time="471.961" errors="0" timestamp="15 Aug 2022 03:50:40 GMT">
  <testcase classname="com.Shopify.testobjects.TrainingOrderCreationTest" name="openLoginPage" time="10.316"/>
  <testcase classname="com.Shopify.testobjects.TrainingOrderCreationTest" name="createTrainingOrders" time="461.108"/>
</testsuite> <!-- P-BTQ. SM CITY BACOLOD -->
