<?xml version="1.0" encoding="UTF-8"?>
<!-- Generated by org.testng.reporters.JUnitXMLReporter -->
<testsuite ignored="3" hostname="ASUS-Strix-G513QC-HN160T-BSA" failures="0" tests="1" name="Test Site Manager" time="28.538" errors="0" timestamp="31 Aug 2022 06:55:22 GMT">
  <testcase classname="com.Shopify.testobjects.SiteManager" name="inventoryBeforeOrderPlacement" time="28.075"/>
  <testcase classname="com.Shopify.testobjects.SiteManager" name="inventoryWhileRemorsePeriod" time="0.0">
    <ignored/>
  </testcase> <!-- inventoryWhileRemorsePeriod -->
  <testcase classname="com.Shopify.testobjects.SiteManager" name="inventoryAfterOrderPlacement" time="0.0">
    <ignored/>
  </testcase> <!-- inventoryAfterOrderPlacement -->
  <testcase classname="com.Shopify.testobjects.SiteManager" name="inventoryAfterRemorsePeriod" time="0.0">
    <ignored/>
  </testcase> <!-- inventoryAfterRemorsePeriod -->
</testsuite> <!-- Test Site Manager -->
