<?xml version="1.0" encoding="UTF-8"?>
<!-- Generated by org.testng.reporters.JUnitXMLReporter -->
<testsuite ignored="0" hostname="ASUS-Strix-G513QC-HN160T-BSA" failures="0" tests="2" name="Training Order Creation - P-BTQ GAISANO MALL TAGUM" time="494.672" errors="0" timestamp="03 Aug 2022 05:51:17 GMT">
  <testcase classname="com.Shopify.testobjects.TrainingOrderCreationTest" name="openLoginPage" time="21.666"/>
  <testcase classname="com.Shopify.testobjects.TrainingOrderCreationTest" name="createTrainingOrders" time="472.472"/>
</testsuite> <!-- Training Order Creation - P-BTQ GAISANO MALL TAGUM -->
