<?xml version="1.0" encoding="UTF-8"?>
<!-- Generated by org.testng.reporters.JUnitXMLReporter -->
<testsuite ignored="0" hostname="ASUS-Strix-G513QC-HN160T-BSA" failures="0" tests="2" name="Training Order Creation - P-BTQ ROBINSONS PLACE TUGUEGARAO" time="517.051" errors="0" timestamp="03 Aug 2022 05:42:15 GMT">
  <testcase classname="com.Shopify.testobjects.TrainingOrderCreationTest" name="openLoginPage" time="19.13"/>
  <testcase classname="com.Shopify.testobjects.TrainingOrderCreationTest" name="createTrainingOrders" time="497.413"/>
</testsuite> <!-- Training Order Creation - P-BTQ ROBINSONS PLACE TUGUEGARAO -->
