<?xml version="1.0" encoding="UTF-8"?>
<!-- Generated by org.testng.reporters.JUnitXMLReporter -->
<testsuite ignored="0" hostname="ASUS-Strix-G513QC-HN160T-BSA" failures="0" tests="2" name="Training Order Creation - P-BTQ VIGAN PLAZA MALL" time="19.111" errors="0" timestamp="19 Aug 2022 16:27:46 GMT">
  <testcase classname="com.Shopify.testobjects.TrainingOrderCreationTest" name="openLoginPage" time="14.427"/>
  <testcase classname="com.Shopify.testobjects.TrainingOrderCreationTest" name="createTrainingOrders" time="4.165"/>
</testsuite> <!-- Training Order Creation - P-BTQ VIGAN PLAZA MALL -->
