<?xml version="1.0" encoding="UTF-8"?>
<!-- Generated by org.testng.reporters.JUnitXMLReporter -->
<testsuite ignored="0" hostname="ASUS-Strix-G513QC-HN160T-BSA" failures="0" tests="2" name="Training Order Creation - P-BTQ ISLAND CITYMALL" time="489.512" errors="0" timestamp="15 Aug 2022 02:55:47 GMT">
  <testcase classname="com.Shopify.testobjects.TrainingOrderCreationTest" name="openLoginPage" time="10.48"/>
  <testcase classname="com.Shopify.testobjects.TrainingOrderCreationTest" name="createTrainingOrders" time="478.507"/>
</testsuite> <!-- Training Order Creation - P-BTQ ISLAND CITYMALL -->
