<?xml version="1.0" encoding="UTF-8"?>
<!-- Generated by org.testng.reporters.JUnitXMLReporter -->
<testsuite ignored="0" hostname="ASUS-Strix-G513QC-HN160T-BSA" failures="0" tests="2" name="Training Order Creation - P-BTQ DUMAGUETE" time="500.375" errors="0" timestamp="15 Aug 2022 02:21:00 GMT">
  <testcase classname="com.Shopify.testobjects.TrainingOrderCreationTest" name="openLoginPage" time="11.422"/>
  <testcase classname="com.Shopify.testobjects.TrainingOrderCreationTest" name="createTrainingOrders" time="488.422"/>
</testsuite> <!-- Training Order Creation - P-BTQ DUMAGUETE -->
