<?xml version="1.0" encoding="UTF-8"?>
<!-- Generated by org.testng.reporters.JUnitXMLReporter -->
<testsuite ignored="0" hostname="ASUS-Strix-G513QC-HN160T-BSA" failures="0" tests="2" name="Training Order Creation - P-BTQ ROBINSONS GALLERIA CEBU" time="495.901" errors="0" timestamp="03 Aug 2022 04:08:27 GMT">
  <testcase classname="com.Shopify.testobjects.TrainingOrderCreationTest" name="openLoginPage" time="13.425"/>
  <testcase classname="com.Shopify.testobjects.TrainingOrderCreationTest" name="createTrainingOrders" time="481.957"/>
</testsuite> <!-- Training Order Creation - P-BTQ ROBINSONS GALLERIA CEBU -->
