<?xml version="1.0" encoding="UTF-8"?>
<!-- Generated by org.testng.reporters.JUnitXMLReporter -->
<testsuite ignored="0" hostname="ITPMO-NB-029754" failures="0" tests="2" name="P-BTQ SM BALIWAG" time="107.523" errors="0" timestamp="11 Oct 2022 07:45:08 GMT">
  <testcase classname="com.Shopify.testobjects.TrainingOrderCreationTest" name="openLoginPage" time="13.885"/>
  <testcase classname="com.Shopify.testobjects.TrainingOrderCreationTest" name="createTrainingOrders" time="93.088"/>
</testsuite> <!-- P-BTQ SM BALIWAG -->
