<?xml version="1.0" encoding="UTF-8"?>
<!-- Generated by org.testng.reporters.JUnitXMLReporter -->
<testsuite ignored="0" hostname="ITPMO-NB-029754" failures="0" tests="2" name="Training Order Creation - P-BTQ VIGAN PLAZA MALL" time="323.275" errors="0" timestamp="11 Oct 2022 06:51:20 GMT">
  <testcase classname="com.Shopify.testobjects.TrainingOrderCreationTest" name="openLoginPage" time="11.188"/>
  <testcase classname="com.Shopify.testobjects.TrainingOrderCreationTest" name="createTrainingOrders" time="311.518"/>
</testsuite> <!-- Training Order Creation - P-BTQ VIGAN PLAZA MALL -->
