<?xml version="1.0" encoding="UTF-8"?>
<!-- Generated by org.testng.reporters.JUnitXMLReporter -->
<testsuite ignored="0" hostname="ASUS-Strix-G513QC-HN160T-BSA" failures="0" tests="2" name="Training Order Creation - P-BTQ. ROBINSONS TACLOBAN" time="257.067" errors="0" timestamp="14 Sep 2022 06:33:48 GMT">
  <testcase classname="com.Shopify.testobjects.TrainingOrderCreationTest" name="openLoginPage" time="10.01"/>
  <testcase classname="com.Shopify.testobjects.TrainingOrderCreationTest" name="createTrainingOrders" time="246.502"/>
</testsuite> <!-- Training Order Creation - P-BTQ. ROBINSONS TACLOBAN -->
