<?xml version="1.0" encoding="UTF-8"?>
<!-- Generated by org.testng.reporters.JUnitXMLReporter -->
<testsuite ignored="2" hostname="ITSD-NB-029754" failures="0" tests="2" name="Shopify Create BOSTC_WH Fulfilled" time="13.984" errors="0" timestamp="26 Apr 2023 00:31:39 GMT">
  <testcase classname="com.Shopify.testobjects.ShopifyTest" name="openLoginPage" time="12.824"/>
  <testcase classname="com.Shopify.testobjects.ShopifyTest" name="createOrder_BOSTC_WH" time="0.461"/>
  <testcase classname="com.Shopify.testobjects.ShopifyTest" name="createOrder_BOPIS_Store" time="0.0">
    <ignored/>
  </testcase> <!-- createOrder_BOPIS_Store -->
  <testcase classname="com.Shopify.testobjects.ShopifyTest" name="createOrder_BOPIS_WH" time="0.0">
    <ignored/>
  </testcase> <!-- createOrder_BOPIS_WH -->
</testsuite> <!-- Shopify Create BOSTC_WH Fulfilled -->
