<?xml version="1.0" encoding="UTF-8"?>
<!-- Generated by org.testng.reporters.JUnitXMLReporter -->
<testsuite ignored="0" hostname="ITPMO-NB-029754" failures="0" tests="2" name="Training Order Creation - P-BTQ VIGAN PLAZA MALL" time="237.674" errors="0" timestamp="24 Oct 2022 07:37:14 GMT">
  <testcase classname="com.Shopify.testobjects.TrainingOrderCreationTest" name="openLoginPage" time="10.422"/>
  <testcase classname="com.Shopify.testobjects.TrainingOrderCreationTest" name="createTrainingOrders" time="226.666"/>
</testsuite> <!-- Training Order Creation - P-BTQ VIGAN PLAZA MALL -->
