<?xml version="1.0" encoding="UTF-8"?>
<!-- Generated by org.testng.reporters.JUnitXMLReporter -->
<testsuite ignored="1" hostname="PC-BSAphoto" failures="0" tests="1" name="Shopify" time="0.013" errors="0" timestamp="20 Jun 2022 06:05:18 GMT">
  <testcase classname="com.Shopify.core.BaseTest" name="@BeforeTest setUp" time="0.002">
    <failure type="java.lang.NullPointerException" message="Cannot invoke &amp;quot;org.apache.poi.xssf.usermodel.XSSFWorkbook.getSheetIndex(String)&amp;quot; because &amp;quot;this.workbook&amp;quot; is null">
      <![CDATA[java.lang.NullPointerException: Cannot invoke "org.apache.poi.xssf.usermodel.XSSFWorkbook.getSheetIndex(String)" because "this.workbook" is null
	at com.Shopify.core.Xls_Reader.getRowCount(Xls_Reader.java:43)
	at com.Shopify.core.BaseTest.getInputDataFromExcel(BaseTest.java:130)
	at com.Shopify.core.BaseTest.setUp(BaseTest.java:103)
	at java.base/java.util.concurrent.FutureTask.run(FutureTask.java:264)
	at java.base/java.util.concurrent.ThreadPoolExecutor.runWorker(ThreadPoolExecutor.java:1130)
	at java.base/java.util.concurrent.ThreadPoolExecutor$Worker.run(ThreadPoolExecutor.java:630)
	at java.base/java.lang.Thread.run(Thread.java:832)
... Removed 14 stack frames]]>
    </failure>
  </testcase> <!-- @BeforeTest setUp -->
  <testcase classname="com.Shopify.testobjects.ShopifyTest" name="createOrder_BOSTC_Store" time="0.0">
    <skipped/>
  </testcase> <!-- createOrder_BOSTC_Store -->
  <testcase classname="com.Shopify.testobjects.ShopifyTest" name="openHomePage" time="0.0">
    <ignored/>
  </testcase> <!-- openHomePage -->
</testsuite> <!-- Shopify -->
