<?xml version="1.0" encoding="UTF-8"?>
<!-- Generated by org.testng.reporters.JUnitXMLReporter -->
<testsuite ignored="1" hostname="PC-BSAphoto" failures="0" tests="2" name="Training Order Creation - P-BTQ SM CITY CLARK" time="252.562" errors="0" timestamp="08 May 2023 10:20:43 GMT">
  <testcase classname="com.Shopify.testobjects.TrainingOrderCreationTest" name="openLoginPage" time="10.34"/>
  <testcase classname="com.Shopify.testobjects.TrainingOrderCreationTest" name="createTrainingOrders" time="241.754"/>
  <testcase classname="com.Shopify.testobjects.TrainingOrderCreationTest" name="resetTrainingInputSheet" time="0.0">
    <ignored/>
  </testcase> <!-- resetTrainingInputSheet -->
</testsuite> <!-- Training Order Creation - P-BTQ SM CITY CLARK -->
