<?xml version="1.0" encoding="UTF-8"?>
<!-- Generated by org.testng.reporters.JUnitXMLReporter -->
<testsuite ignored="1" hostname="OMNI-TEST-1" failures="0" tests="2" name="Training Order Creation - AyalaLegazpi" time="421.174" errors="0" timestamp="07 Nov 2022 07:17:44 GMT">
  <testcase classname="com.Shopify.testobjects.TrainingOrderCreationTest" name="openLoginPage" time="11.113"/>
  <testcase classname="com.Shopify.testobjects.TrainingOrderCreationTest" name="createTrainingOrders" time="408.964"/>
  <testcase classname="com.Shopify.testobjects.TrainingOrderCreationTest" name="resetTrainingInputSheet" time="0.0">
    <ignored/>
  </testcase> <!-- resetTrainingInputSheet -->
</testsuite> <!-- Training Order Creation - AyalaLegazpi -->
