<?xml version="1.0" encoding="UTF-8"?>
<!-- Generated by org.testng.reporters.JUnitXMLReporter -->
<testsuite ignored="4" hostname="ITSD-NB-029754" failures="1" tests="1" name="Test Site Manager" time="1.93" errors="0" timestamp="25 Apr 2023 02:54:21 GMT">
  <testcase classname="com.Shopify.testobjects.SiteManagerTest" name="eomCleanupCount" time="1.417">
    <failure type="java.lang.NullPointerException" message="Cannot invoke &amp;quot;org.openqa.selenium.WebDriver.close()&amp;quot; because &amp;quot;this.driver&amp;quot; is null">
      <![CDATA[java.lang.NullPointerException: Cannot invoke "org.openqa.selenium.WebDriver.close()" because "this.driver" is null
	at com.Shopify.core.BaseTest.closeBrowser(BaseTest.java:261)
	at com.Shopify.testobjects.SiteManagerTest.eomCleanupCount(SiteManagerTest.java:187)
	at java.base/java.util.concurrent.FutureTask.run(FutureTask.java:264)
	at java.base/java.util.concurrent.ThreadPoolExecutor.runWorker(ThreadPoolExecutor.java:1136)
	at java.base/java.util.concurrent.ThreadPoolExecutor$Worker.run(ThreadPoolExecutor.java:635)
	at java.base/java.lang.Thread.run(Thread.java:833)
... Removed 14 stack frames]]>
    </failure>
  </testcase> <!-- eomCleanupCount -->
  <testcase classname="com.Shopify.testobjects.SiteManagerTest" name="inventoryWhileRemorsePeriod" time="0.0">
    <ignored/>
  </testcase> <!-- inventoryWhileRemorsePeriod -->
  <testcase classname="com.Shopify.testobjects.SiteManagerTest" name="inventoryOrderCompletedOrCanceled" time="0.0">
    <ignored/>
  </testcase> <!-- inventoryOrderCompletedOrCanceled -->
  <testcase classname="com.Shopify.testobjects.SiteManagerTest" name="inventoryBeforeOrderPlacement" time="0.0">
    <ignored/>
  </testcase> <!-- inventoryBeforeOrderPlacement -->
  <testcase classname="com.Shopify.testobjects.SiteManagerTest" name="inventoryAfterRemorsePeriod" time="0.0">
    <ignored/>
  </testcase> <!-- inventoryAfterRemorsePeriod -->
</testsuite> <!-- Test Site Manager -->
