<?xml version="1.0" encoding="UTF-8"?>
<!-- Generated by org.testng.reporters.JUnitXMLReporter -->
<testsuite ignored="5" hostname="PC-BSAphoto" failures="0" tests="14" name="GSP Regression" time="128.43" errors="0" timestamp="03 May 2023 17:53:16 GMT">
  <testcase classname="com.GSP.testobjects.GSPRegressionSuiteTest" name="invalidPasswordLogin" time="4.235"/>
  <testcase classname="com.GSP.testobjects.GSPRegressionSuiteTest" name="successfulLogin" time="3.525"/>
  <testcase classname="com.GSP.testobjects.GSPRegressionSuiteTest" name="openTransDeliveries" time="4.369"/>
  <testcase classname="com.GSP.testobjects.GSPRegressionSuiteTest" name="deliveriesSearchNoResult" time="6.975"/>
  <testcase classname="com.GSP.testobjects.GSPRegressionSuiteTest" name="deliveriesSearchWithResult" time="6.964"/>
  <testcase classname="com.GSP.testobjects.GSPRegressionSuiteTest" name="openDeliveryConfirmationScreen" time="7.487"/>
  <testcase classname="com.GSP.testobjects.GSPRegressionSuiteTest" name="submitDeliveryConfirmation_zeroQuantity" time="18.05"/>
  <testcase classname="com.GSP.testobjects.GSPRegressionSuiteTest" name="submitDeliveryConfirmation_blankAllFields" time="10.36"/>
  <testcase classname="com.GSP.testobjects.GSPRegressionSuiteTest" name="submitDeliveryConfirmation_invalidbarCode" time="10.695"/>
  <testcase classname="com.GSP.testobjects.GSPRegressionSuiteTest" name="submitDeliveryConfirmation_blankAWB" time="16.28"/>
  <testcase classname="com.GSP.testobjects.GSPRegressionSuiteTest" name="submitDeliveryConfirmation_blankRemarks" time="15.206"/>
  <testcase classname="com.GSP.testobjects.GSPRegressionSuiteTest" name="submitDeliveryConfirmation_blankForwarder" time="15.7"/>
  <testcase classname="com.GSP.testobjects.GSPRegressionSuiteTest" name="openTransMisroutedDelivery" time="4.334"/>
  <testcase classname="com.GSP.testobjects.GSPRegressionSuiteTest" name="openTransNoDocumentDelivery" time="3.831"/>
  <testcase classname="com.GSP.testobjects.GSPRegressionSuiteTest" name="submitDeliveryConfirmation_good" time="0.0">
    <ignored/>
  </testcase> <!-- submitDeliveryConfirmation_good -->
  <testcase classname="com.GSP.testobjects.GSPRegressionSuiteTest" name="submitDeliveryConfirmation_soiled" time="0.0">
    <ignored/>
  </testcase> <!-- submitDeliveryConfirmation_soiled -->
  <testcase classname="com.GSP.testobjects.GSPRegressionSuiteTest" name="submitDeliveryConfirmation_tampered" time="0.0">
    <ignored/>
  </testcase> <!-- submitDeliveryConfirmation_tampered -->
  <testcase classname="com.GSP.testobjects.GSPRegressionSuiteTest" name="submitDeliveryConfirmation_undelivered" time="0.0">
    <ignored/>
  </testcase> <!-- submitDeliveryConfirmation_undelivered -->
  <testcase classname="com.GSP.testobjects.GSPRegressionSuiteTest" name="submitDeliveryConfirmation_damaged" time="0.0">
    <ignored/>
  </testcase> <!-- submitDeliveryConfirmation_damaged -->
</testsuite> <!-- GSP Regression -->
