<?xml version="1.0" encoding="UTF-8"?>
<!-- Generated by org.testng.reporters.JUnitXMLReporter -->
<testsuite ignored="0" hostname="ITPMO-NB-029754" failures="0" tests="2" name="Training Order Creation - P-BTQ SM CITY ILOILO" time="72.289" errors="0" timestamp="17 Oct 2022 08:16:36 GMT">
  <testcase classname="com.Shopify.testobjects.TrainingOrderCreationTest" name="openLoginPage" time="13.717"/>
  <testcase classname="com.Shopify.testobjects.TrainingOrderCreationTest" name="createTrainingOrders" time="57.86"/>
</testsuite> <!-- Training Order Creation - P-BTQ SM CITY ILOILO -->
