<?xml version="1.0" encoding="UTF-8"?>
<!-- Generated by org.testng.reporters.JUnitXMLReporter -->
<testsuite ignored="0" hostname="ITPMO-NB-029754" failures="0" tests="2" name="Training Order Creation - P-BTQ GAISANO MALL TAGUM" time="247.677" errors="0" timestamp="25 Oct 2022 07:12:11 GMT">
  <testcase classname="com.Shopify.testobjects.TrainingOrderCreationTest" name="openLoginPage" time="11.17"/>
  <testcase classname="com.Shopify.testobjects.TrainingOrderCreationTest" name="createTrainingOrders" time="235.835"/>
</testsuite> <!-- Training Order Creation - P-BTQ GAISANO MALL TAGUM -->
