<?xml version="1.0" encoding="UTF-8"?>
<!-- Generated by org.testng.reporters.JUnitXMLReporter -->
<testsuite ignored="0" hostname="ITPMO-NB-029754" failures="0" tests="2" name="Training Order Creation - P-BTQ ISLAND CITYMALL" time="244.942" errors="0" timestamp="24 Oct 2022 07:30:50 GMT">
  <testcase classname="com.Shopify.testobjects.TrainingOrderCreationTest" name="openLoginPage" time="11.667"/>
  <testcase classname="com.Shopify.testobjects.TrainingOrderCreationTest" name="createTrainingOrders" time="232.575"/>
</testsuite> <!-- Training Order Creation - P-BTQ ISLAND CITYMALL -->
