<?xml version="1.0" encoding="UTF-8"?>
<testng-results ignored="0" total="2" passed="2" failed="0" skipped="0">
  <reporter-output>
  </reporter-output>
  <suite started-at="2022-06-20T09:42:47Z" name="Shopify" finished-at="2022-06-20T09:43:19Z" duration-ms="31839">
    <groups>
    </groups>
    <test started-at="2022-06-20T09:42:47Z" name="Shopify" finished-at="2022-06-20T09:43:19Z" duration-ms="31839">
      <class name="com.Shopify.testobjects.ShopifyTest">
        <test-method is-config="true" signature="getSuiteName(org.testng.ITestContext)[pri:0, instance:com.Shopify.testobjects.ShopifyTest@4a668b6e]" started-at="2022-06-20T17:42:47Z" name="getSuiteName" finished-at="2022-06-20T17:42:47Z" duration-ms="6" status="PASS">
          <params>
            <param index="0">
              <value>
                <![CDATA[org.testng.TestRunner@76c3e77a]]>
              </value>
            </param>
          </params>
          <reporter-output>
          </reporter-output>
        </test-method> <!-- getSuiteName -->
        <test-method is-config="true" signature="setInputSheetName(java.lang.String)[pri:0, instance:com.Shopify.testobjects.ShopifyTest@4a668b6e]" started-at="2022-06-20T17:42:47Z" name="setInputSheetName" finished-at="2022-06-20T17:42:48Z" duration-ms="527" status="PASS">
          <params>
            <param index="0">
              <value>
                <![CDATA[Input.xlsx]]>
              </value>
            </param>
          </params>
          <reporter-output>
          </reporter-output>
        </test-method> <!-- setInputSheetName -->
        <test-method is-config="true" signature="setUp(java.lang.String, org.testng.ITestContext)[pri:0, instance:com.Shopify.testobjects.ShopifyTest@4a668b6e]" started-at="2022-06-20T17:42:48Z" name="setUp" finished-at="2022-06-20T17:42:48Z" duration-ms="120" status="PASS">
          <params>
            <param index="0">
              <value>
                <![CDATA[BOSTC_Store]]>
              </value>
            </param>
            <param index="1">
              <value>
                <![CDATA[org.testng.TestRunner@76c3e77a]]>
              </value>
            </param>
          </params>
          <reporter-output>
          </reporter-output>
        </test-method> <!-- setUp -->
        <test-method signature="openHomePage()[pri:0, instance:com.Shopify.testobjects.ShopifyTest@4a668b6e]" started-at="2022-06-20T17:42:48Z" name="openHomePage" finished-at="2022-06-20T17:43:14Z" duration-ms="26434" status="PASS">
          <reporter-output>
          </reporter-output>
        </test-method> <!-- openHomePage -->
        <test-method signature="createOrder_BOSTC_Store()[pri:0, instance:com.Shopify.testobjects.ShopifyTest@4a668b6e]" started-at="2022-06-20T17:43:14Z" name="createOrder_BOSTC_Store" finished-at="2022-06-20T17:43:19Z" duration-ms="4747" status="PASS">
          <reporter-output>
          </reporter-output>
        </test-method> <!-- createOrder_BOSTC_Store -->
      </class> <!-- com.Shopify.testobjects.ShopifyTest -->
    </test> <!-- Shopify -->
  </suite> <!-- Shopify -->
</testng-results>
