<?xml version="1.0" encoding="UTF-8"?>
<testng-results ignored="48" total="52" passed="3" failed="1" skipped="0">
  <reporter-output>
  </reporter-output>
  <suite started-at="2023-05-16T07:13:07Z" name="GSP Regression - MRD" finished-at="2023-05-16T07:13:36Z" duration-ms="29459">
    <groups>
    </groups>
    <test started-at="2023-05-16T07:13:07Z" name="Misrouted Delivery" finished-at="2023-05-16T07:13:36Z" duration-ms="29459">
      <class name="com.GSP.testobjects.GSPRegressionSuiteTest">
        <test-method is-config="true" signature="getSuiteName(org.testng.ITestContext)[pri:0, instance:com.GSP.testobjects.GSPRegressionSuiteTest@5c909414]" started-at="2023-05-16T15:13:07Z" name="getSuiteName" finished-at="2023-05-16T15:13:07Z" duration-ms="10" status="PASS">
          <params>
            <param index="0">
              <value>
                <![CDATA[org.testng.TestRunner@5c33f1a9]]>
              </value>
            </param>
          </params>
          <reporter-output>
          </reporter-output>
        </test-method> <!-- getSuiteName -->
        <test-method is-config="true" signature="setInputSheetName(java.lang.String)[pri:0, instance:com.GSP.testobjects.GSPRegressionSuiteTest@5c909414]" started-at="2023-05-16T15:13:07Z" name="setInputSheetName" finished-at="2023-05-16T15:13:07Z" duration-ms="444" status="PASS">
          <params>
            <param index="0">
              <value>
                <![CDATA[gspRegressionSuite.xlsx]]>
              </value>
            </param>
          </params>
          <reporter-output>
          </reporter-output>
        </test-method> <!-- setInputSheetName -->
        <test-method is-config="true" signature="setUp(java.lang.String, org.testng.ITestContext)[pri:0, instance:com.GSP.testobjects.GSPRegressionSuiteTest@5c909414]" started-at="2023-05-16T15:13:07Z" name="setUp" finished-at="2023-05-16T15:13:08Z" duration-ms="96" status="PASS">
          <params>
            <param index="0">
              <value>
                <![CDATA[misroutedDelivery]]>
              </value>
            </param>
            <param index="1">
              <value>
                <![CDATA[org.testng.TestRunner@5c33f1a9]]>
              </value>
            </param>
          </params>
          <reporter-output>
          </reporter-output>
        </test-method> <!-- setUp -->
        <test-method signature="invalidPasswordLogin()[pri:0, instance:com.GSP.testobjects.GSPRegressionSuiteTest@5c909414]" started-at="2023-05-16T15:13:08Z" name="invalidPasswordLogin" finished-at="2023-05-16T15:13:14Z" duration-ms="6021" status="PASS">
          <reporter-output>
          </reporter-output>
        </test-method> <!-- invalidPasswordLogin -->
        <test-method signature="successfulLogin()[pri:0, instance:com.GSP.testobjects.GSPRegressionSuiteTest@5c909414]" started-at="2023-05-16T15:13:14Z" name="successfulLogin" finished-at="2023-05-16T15:13:18Z" duration-ms="4489" status="PASS">
          <reporter-output>
          </reporter-output>
        </test-method> <!-- successfulLogin -->
        <test-method signature="cancelMRDRequest()[pri:0, instance:com.GSP.testobjects.GSPRegressionSuiteTest@5c909414]" started-at="2023-05-16T15:13:18Z" name="cancelMRDRequest" finished-at="2023-05-16T15:13:31Z" duration-ms="12916" status="FAIL">
          <exception class="java.lang.AssertionError">
            <message>
              <![CDATA[expected [pass] but found [fail]]]>
            </message>
            <full-stacktrace>
              <![CDATA[java.lang.AssertionError: expected [pass] but found [fail]
	at org.testng.Assert.fail(Assert.java:93)
	at org.testng.Assert.failNotEquals(Assert.java:512)
	at org.testng.Assert.assertEqualsImpl(Assert.java:134)
	at org.testng.Assert.assertEquals(Assert.java:115)
	at org.testng.Assert.assertEquals(Assert.java:178)
	at com.GSP.testobjects.GSPRegressionSuiteTest.cancelMRDRequest(GSPRegressionSuiteTest.java:1155)
	at java.base/jdk.internal.reflect.DirectMethodHandleAccessor.invoke(DirectMethodHandleAccessor.java:104)
	at java.base/java.lang.reflect.Method.invoke(Method.java:577)
	at org.testng.internal.MethodInvocationHelper.invokeMethod(MethodInvocationHelper.java:108)
	at org.testng.internal.Invoker.invokeMethod(Invoker.java:661)
	at org.testng.internal.Invoker.invokeTestMethod(Invoker.java:869)
	at org.testng.internal.Invoker.invokeTestMethods(Invoker.java:1193)
	at org.testng.internal.TestMethodWorker.invokeTestMethods(TestMethodWorker.java:126)
	at org.testng.internal.TestMethodWorker.run(TestMethodWorker.java:109)
	at org.testng.TestRunner.privateRun(TestRunner.java:744)
	at org.testng.TestRunner.run(TestRunner.java:602)
	at org.testng.SuiteRunner.runTest(SuiteRunner.java:380)
	at org.testng.SuiteRunner.access$000(SuiteRunner.java:39)
	at org.testng.SuiteRunner$SuiteWorker.run(SuiteRunner.java:414)
	at org.testng.internal.thread.ThreadUtil$1.call(ThreadUtil.java:52)
	at java.base/java.util.concurrent.FutureTask.run(FutureTask.java:264)
	at java.base/java.util.concurrent.ThreadPoolExecutor.runWorker(ThreadPoolExecutor.java:1136)
	at java.base/java.util.concurrent.ThreadPoolExecutor$Worker.run(ThreadPoolExecutor.java:635)
	at java.base/java.lang.Thread.run(Thread.java:833)
]]>
            </full-stacktrace>
          </exception> <!-- java.lang.AssertionError -->
          <reporter-output>
          </reporter-output>
        </test-method> <!-- cancelMRDRequest -->
        <test-method signature="logOutGSP()[pri:0, instance:com.GSP.testobjects.GSPRegressionSuiteTest@5c909414]" started-at="2023-05-16T15:13:31Z" name="logOutGSP" finished-at="2023-05-16T15:13:36Z" duration-ms="5478" status="PASS">
          <reporter-output>
          </reporter-output>
        </test-method> <!-- logOutGSP -->
      </class> <!-- com.GSP.testobjects.GSPRegressionSuiteTest -->
    </test> <!-- Misrouted Delivery -->
  </suite> <!-- GSP Regression - MRD -->
</testng-results>
