<?xml version="1.0" encoding="UTF-8"?>
<!-- Generated by org.testng.reporters.JUnitXMLReporter -->
<testsuite ignored="0" hostname="ITPMO-NB-029754" failures="0" tests="2" name="Training Order Creation - P-BTQ ROBINSONS PLACE TUGUEGARAO" time="261.618" errors="0" timestamp="12 Oct 2022 07:24:46 GMT">
  <testcase classname="com.Shopify.testobjects.TrainingOrderCreationTest" name="openLoginPage" time="12.381"/>
  <testcase classname="com.Shopify.testobjects.TrainingOrderCreationTest" name="createTrainingOrders" time="248.536"/>
</testsuite> <!-- Training Order Creation - P-BTQ ROBINSONS PLACE TUGUEGARAO -->
