<?xml version="1.0" encoding="UTF-8"?>
<!-- Generated by org.testng.reporters.JUnitXMLReporter -->
<testsuite ignored="0" hostname="ITPMO-NB-029754" failures="0" tests="2" name="Training Order Creation - P-BTQ. ROBINSONS LAOAG" time="243.914" errors="0" timestamp="18 Oct 2022 08:33:12 GMT">
  <testcase classname="com.Shopify.testobjects.TrainingOrderCreationTest" name="openLoginPage" time="10.046"/>
  <testcase classname="com.Shopify.testobjects.TrainingOrderCreationTest" name="createTrainingOrders" time="233.258"/>
</testsuite> <!-- Training Order Creation - P-BTQ. ROBINSONS LAOAG -->
