<?xml version="1.0" encoding="UTF-8"?>
<!-- Generated by org.testng.reporters.JUnitXMLReporter -->
<testsuite ignored="1" hostname="OMNI-TEST-1" failures="0" tests="2" name="Training Order Creation - P-BTQ SM CITY LUCENA" time="196.436" errors="0" timestamp="15 Nov 2022 09:43:39 GMT">
  <testcase classname="com.Shopify.testobjects.TrainingOrderCreationTest" name="openLoginPage" time="13.262"/>
  <testcase classname="com.Shopify.testobjects.TrainingOrderCreationTest" name="createTrainingOrders" time="182.448"/>
  <testcase classname="com.Shopify.testobjects.TrainingOrderCreationTest" name="resetTrainingInputSheet" time="0.0">
    <ignored/>
  </testcase> <!-- resetTrainingInputSheet -->
</testsuite> <!-- Training Order Creation - P-BTQ SM CITY LUCENA -->
