<?xml version="1.0" encoding="UTF-8"?>
<!-- Generated by org.testng.reporters.JUnitXMLReporter -->
<testsuite ignored="0" hostname="ITPMO-NB-029754" failures="0" tests="2" name="Training Order Creation - P-BTQ SM CENTER DAGUPAN" time="244.497" errors="0" timestamp="18 Oct 2022 08:06:03 GMT">
  <testcase classname="com.Shopify.testobjects.TrainingOrderCreationTest" name="openLoginPage" time="15.971"/>
  <testcase classname="com.Shopify.testobjects.TrainingOrderCreationTest" name="createTrainingOrders" time="227.946"/>
</testsuite> <!-- Training Order Creation - P-BTQ SM CENTER DAGUPAN -->
